<?xml version="1.0" encoding="UTF-8"?>
<!-- Generated by org.testng.reporters.JUnitReportReporter -->
<testsuite hostname="LAPTOP-OQTRTNNS" failures="0" tests="1" name="testingpomtestng.pomclasstest" time="17.666" errors="0" timestamp="2022-04-11T13:35:02 EDT" skipped="0">
  <testcase classname="testingpomtestng.pomclasstest" name="clickcalender" time="17.666"/>
  <system-out/>
</testsuite> <!-- testingpomtestng.pomclasstest -->
