<?xml version="1.0" encoding="UTF-8"?>
<!-- Generated by org.testng.reporters.JUnitReportReporter -->
<testsuite hostname="LAPTOP-OQTRTNNS" failures="0" tests="1" name="testingpomtestng.Typeofleave" time="11.744" errors="0" timestamp="2022-04-12T16:51:24 EDT" skipped="0">
  <testcase classname="testingpomtestng.Typeofleave" name="typeofleavem" time="11.744"/>
  <system-out/>
</testsuite> <!-- testingpomtestng.Typeofleave -->
