<?xml version="1.0" encoding="UTF-8"?>
<!-- Generated by org.testng.reporters.JUnitReportReporter -->
<testsuite hostname="LAPTOP-OQTRTNNS" failures="0" tests="1" name="testingpomtestng.Acttimeaddcustomertestt" time="39.791" errors="0" timestamp="2022-04-21T18:00:53 EDT" skipped="0">
  <testcase classname="testingpomtestng.Acttimeaddcustomertestt" name="addcustomer" time="39.791"/>
  <system-out/>
</testsuite> <!-- testingpomtestng.Acttimeaddcustomertestt -->
