<?xml version="1.0" encoding="UTF-8"?>
<!-- Generated by org.testng.reporters.JUnitReportReporter -->
<testsuite hostname="LAPTOP-OQTRTNNS" failures="0" tests="3" name="testingpomtestng.addcustomerpriority" time="29.248" errors="0" timestamp="2022-04-22T18:10:02 EDT" skipped="0">
  <testcase classname="testingpomtestng.addcustomerpriority" name="addcustomer" time="6.561"/>
  <system-out/>
  <testcase classname="testingpomtestng.addcustomerpriority" name="Acttimeaddcustomertert" time="15.742"/>
  <system-out/>
  <testcase classname="testingpomtestng.addcustomerpriority" name="Acttimeaddcustomertert1" time="6.945"/>
  <system-out/>
</testsuite> <!-- testingpomtestng.addcustomerpriority -->
