<?xml version="1.0" encoding="UTF-8"?>
<!-- Generated by org.testng.reporters.JUnitReportReporter -->
<testsuite hostname="LAPTOP-OQTRTNNS" failures="0" tests="1" name="testingpomtestng.Typeofworktest" time="12.053" errors="0" timestamp="2022-04-11T22:27:53 EDT" skipped="0">
  <testcase classname="testingpomtestng.Typeofworktest" name="Typeofwork" time="12.053"/>
  <system-out/>
</testsuite> <!-- testingpomtestng.Typeofworktest -->
